

Started GET "/" for ::1 at 2015-11-19 10:43:29 +0000

ActiveRecord::PendingMigrationError (

Migrations are pending. To resolve this issue, run:

	bin/rake db:migrate RAILS_ENV=development

):
  activerecord (4.2.4) lib/active_record/migration.rb:392:in `check_pending!'
  activerecord (4.2.4) lib/active_record/migration.rb:373:in `call'
  actionpack (4.2.4) lib/action_dispatch/middleware/callbacks.rb:29:in `block in call'
  activesupport (4.2.4) lib/active_support/callbacks.rb:88:in `__run_callbacks__'
  activesupport (4.2.4) lib/active_support/callbacks.rb:778:in `_run_call_callbacks'
  activesupport (4.2.4) lib/active_support/callbacks.rb:81:in `run_callbacks'
  actionpack (4.2.4) lib/action_dispatch/middleware/callbacks.rb:27:in `call'
  actionpack (4.2.4) lib/action_dispatch/middleware/reloader.rb:73:in `call'
  actionpack (4.2.4) lib/action_dispatch/middleware/remote_ip.rb:78:in `call'
  actionpack (4.2.4) lib/action_dispatch/middleware/debug_exceptions.rb:17:in `call'
  web-console (2.2.1) lib/web_console/middleware.rb:39:in `call'
  actionpack (4.2.4) lib/action_dispatch/middleware/show_exceptions.rb:30:in `call'
  railties (4.2.4) lib/rails/rack/logger.rb:38:in `call_app'
  railties (4.2.4) lib/rails/rack/logger.rb:20:in `block in call'
  activesupport (4.2.4) lib/active_support/tagged_logging.rb:68:in `block in tagged'
  activesupport (4.2.4) lib/active_support/tagged_logging.rb:26:in `tagged'
  activesupport (4.2.4) lib/active_support/tagged_logging.rb:68:in `tagged'
  railties (4.2.4) lib/rails/rack/logger.rb:20:in `call'
  actionpack (4.2.4) lib/action_dispatch/middleware/request_id.rb:21:in `call'
  rack (1.6.4) lib/rack/methodoverride.rb:22:in `call'
  rack (1.6.4) lib/rack/runtime.rb:18:in `call'
  activesupport (4.2.4) lib/active_support/cache/strategy/local_cache_middleware.rb:28:in `call'
  rack (1.6.4) lib/rack/lock.rb:17:in `call'
  actionpack (4.2.4) lib/action_dispatch/middleware/static.rb:116:in `call'
  rack (1.6.4) lib/rack/sendfile.rb:113:in `call'
  railties (4.2.4) lib/rails/engine.rb:518:in `call'
  railties (4.2.4) lib/rails/application.rb:165:in `call'
  rack (1.6.4) lib/rack/content_length.rb:15:in `call'
  puma (2.14.0) lib/puma/server.rb:541:in `handle_request'
  puma (2.14.0) lib/puma/server.rb:388:in `process_client'
  puma (2.14.0) lib/puma/server.rb:270:in `block in run'
  puma (2.14.0) lib/puma/thread_pool.rb:106:in `call'
  puma (2.14.0) lib/puma/thread_pool.rb:106:in `block in spawn_thread'


  Rendered C:/Ruby21/lib/ruby/gems/2.1.0/gems/actionpack-4.2.4/lib/action_dispatch/middleware/templates/rescues/_source.erb (0.9ms)
  Rendered C:/Ruby21/lib/ruby/gems/2.1.0/gems/actionpack-4.2.4/lib/action_dispatch/middleware/templates/rescues/_trace.html.erb (2.6ms)
  Rendered C:/Ruby21/lib/ruby/gems/2.1.0/gems/actionpack-4.2.4/lib/action_dispatch/middleware/templates/rescues/_request_and_response.html.erb (1.8ms)
  Rendered C:/Ruby21/lib/ruby/gems/2.1.0/gems/actionpack-4.2.4/lib/action_dispatch/middleware/templates/rescues/diagnostics.html.erb within rescues/layout (70.3ms)
  Rendered C:/Ruby21/lib/ruby/gems/2.1.0/gems/web-console-2.2.1/lib/web_console/templates/_markup.html.erb (0.9ms)
  Rendered C:/Ruby21/lib/ruby/gems/2.1.0/gems/web-console-2.2.1/lib/web_console/templates/_inner_console_markup.html.erb within layouts/inlined_string (0.0ms)
  Rendered C:/Ruby21/lib/ruby/gems/2.1.0/gems/web-console-2.2.1/lib/web_console/templates/_prompt_box_markup.html.erb within layouts/inlined_string (0.0ms)
  Rendered C:/Ruby21/lib/ruby/gems/2.1.0/gems/web-console-2.2.1/lib/web_console/templates/style.css.erb within layouts/inlined_string (0.9ms)
  Rendered C:/Ruby21/lib/ruby/gems/2.1.0/gems/web-console-2.2.1/lib/web_console/templates/console.js.erb within layouts/javascript (47.5ms)
  Rendered C:/Ruby21/lib/ruby/gems/2.1.0/gems/web-console-2.2.1/lib/web_console/templates/main.js.erb within layouts/javascript (0.0ms)
  Rendered C:/Ruby21/lib/ruby/gems/2.1.0/gems/web-console-2.2.1/lib/web_console/templates/error_page.js.erb within layouts/javascript (0.0ms)
  Rendered C:/Ruby21/lib/ruby/gems/2.1.0/gems/web-console-2.2.1/lib/web_console/templates/index.html.erb (114.3ms)
  [1m[36m (125.0ms)[0m  [1mCREATE TABLE "schema_migrations" ("version" varchar NOT NULL) [0m
  [1m[35m (0.0ms)[0m  select sqlite_version(*)
  [1m[36m (265.6ms)[0m  [1mCREATE UNIQUE INDEX "unique_schema_migrations" ON "schema_migrations" ("version")[0m
  [1m[35mActiveRecord::SchemaMigration Load (0.0ms)[0m  SELECT "schema_migrations".* FROM "schema_migrations"
Migrating to CreateUsers (20151109144954)
  [1m[36m (0.0ms)[0m  [1mbegin transaction[0m
  [1m[35m (0.0ms)[0m  CREATE TABLE "users" ("id" INTEGER PRIMARY KEY AUTOINCREMENT NOT NULL, "username" varchar, "current_points" integer, "password_digest" varchar, "created_at" datetime NOT NULL, "updated_at" datetime NOT NULL) 
  [1m[36mSQL (0.0ms)[0m  [1mINSERT INTO "schema_migrations" ("version") VALUES (?)[0m  [["version", "20151109144954"]]
  [1m[35m (218.8ms)[0m  commit transaction
Migrating to AddEmailToUsers (20151109145628)
  [1m[36m (0.0ms)[0m  [1mbegin transaction[0m
  [1m[35m (0.0ms)[0m  ALTER TABLE "users" ADD "email" varchar
  [1m[36mSQL (0.0ms)[0m  [1mINSERT INTO "schema_migrations" ("version") VALUES (?)[0m  [["version", "20151109145628"]]
  [1m[35m (187.5ms)[0m  commit transaction
Migrating to CreateImages (20151109150254)
  [1m[36m (0.0ms)[0m  [1mbegin transaction[0m
  [1m[35m (0.0ms)[0m  CREATE TABLE "images" ("id" INTEGER PRIMARY KEY AUTOINCREMENT NOT NULL, "product" varchar, "path" varchar, "created_at" datetime NOT NULL, "updated_at" datetime NOT NULL) 
  [1m[36mSQL (0.0ms)[0m  [1mINSERT INTO "schema_migrations" ("version") VALUES (?)[0m  [["version", "20151109150254"]]
  [1m[35m (437.5ms)[0m  commit transaction
Migrating to AddRememberDigestToUsers (20151109152858)
  [1m[36m (0.0ms)[0m  [1mbegin transaction[0m
  [1m[35m (0.0ms)[0m  ALTER TABLE "users" ADD "remember_digest" varchar
  [1m[36mSQL (0.0ms)[0m  [1mINSERT INTO "schema_migrations" ("version") VALUES (?)[0m  [["version", "20151109152858"]]
  [1m[35m (218.8ms)[0m  commit transaction
Migrating to AddDefaultPointsToUser (20151114221315)
  [1m[36m (0.0ms)[0m  [1mbegin transaction[0m
  [1m[35m (0.0ms)[0m  CREATE TEMPORARY TABLE "ausers" ("id" INTEGER PRIMARY KEY AUTOINCREMENT NOT NULL, "username" varchar, "current_points" integer, "password_digest" varchar, "created_at" datetime NOT NULL, "updated_at" datetime NOT NULL, "email" varchar, "remember_digest" varchar) 
  [1m[36m (0.0ms)[0m  [1mSELECT * FROM "users"[0m
  [1m[35m (0.0ms)[0m  DROP TABLE "users"
  [1m[36m (0.0ms)[0m  [1mCREATE TABLE "users" ("id" INTEGER PRIMARY KEY AUTOINCREMENT NOT NULL, "username" varchar, "current_points" integer DEFAULT 0, "password_digest" varchar, "created_at" datetime NOT NULL, "updated_at" datetime NOT NULL, "email" varchar, "remember_digest" varchar) [0m
  [1m[35m (0.0ms)[0m  SELECT * FROM "ausers"
  [1m[36m (15.6ms)[0m  [1mDROP TABLE "ausers"[0m
  [1m[35mSQL (0.0ms)[0m  INSERT INTO "schema_migrations" ("version") VALUES (?)  [["version", "20151114221315"]]
  [1m[36m (265.6ms)[0m  [1mcommit transaction[0m
  [1m[35mActiveRecord::SchemaMigration Load (0.0ms)[0m  SELECT "schema_migrations".* FROM "schema_migrations"


Started GET "/" for ::1 at 2015-11-19 10:46:37 +0000
  [1m[36mActiveRecord::SchemaMigration Load (0.0ms)[0m  [1mSELECT "schema_migrations".* FROM "schema_migrations"[0m
Processing by StaticPagesController#home as HTML
  Rendered layouts/_categories_list.html.erb (13.7ms)
  Rendered layouts/_slider.html.erb (2.0ms)
  Rendered layouts/_products_list.erb (1.0ms)
  Rendered static_pages/home.html.erb within layouts/application (321.3ms)
  Rendered layouts/_header.html.erb (140.6ms)
  Rendered layouts/_footer.html.erb (0.0ms)
Completed 200 OK in 125331ms (Views: 23563.5ms | ActiveRecord: 0.0ms)


Started GET "/assets/static_pages.self-ee5ddbc204c7267290775af9bb01fedf1d65b55fdd66c692d6f7374a3c0d7222.css?body=1" for ::1 at 2015-11-19 10:48:43 +0000


Started GET "/assets/css/bootstrap.self-c68c406b70db1115478355392ee8e55e46903052ef2acc9b83a09aa57ea2c0d1.css?body=1" for ::1 at 2015-11-19 10:48:43 +0000


Started GET "/assets/jquery_ujs.self-8e98a7a072a6cee1372d19fff9ff3e6aa1e39a37d89d6f06861637d061113ee7.js?body=1" for ::1 at 2015-11-19 10:48:43 +0000


Started GET "/assets/turbolinks.self-39e1dc81cb7f0cfb4a8d670a68e75666ee360e5e1668bfad001130a4126f9125.js?body=1" for ::1 at 2015-11-19 10:48:43 +0000


Started GET "/assets/js/bootstrap.self-6c92f650931beefe48977f272b7015d6b9b45da8b09831ebf88e05193c12d355.js?body=1" for ::1 at 2015-11-19 10:48:43 +0000


Started GET "/assets/application.self-373a8c46449c8945d5f568717121199071937453b95a71fc07004e7d01dc1f4e.css?body=1" for ::1 at 2015-11-19 10:48:43 +0000


Started GET "/assets/jquery.self-d03a5518f45df77341bdbe6201ba3bfa547ebba8ed64f0ea56bfa5f96ea7c074.js?body=1" for ::1 at 2015-11-19 10:48:43 +0000


Started GET "/assets/style.self-60ac86d62211b11560571b20aa502136ded1a8bbd555a4d1b0342075dc3c19b1.css?body=1" for ::1 at 2015-11-19 10:48:43 +0000


Started GET "/assets/images.self-877aef30ae1b040ab8a3aba4e3e309a11d7f2612f44dde450b5c157aa5f95c05.js?body=1" for ::1 at 2015-11-19 10:48:43 +0000


Started GET "/assets/custom.self-dbb76ec3980d56523edefc0e795fe42cbcb1f909bb9e64050e9c6b1881b24851.css?body=1" for ::1 at 2015-11-19 10:48:44 +0000


Started GET "/assets/custom.self-bc6c8ec7f9aa89c2d6a6aab25b378e0892aec25ea0b8e565c46d35aafd708301.js?body=1" for ::1 at 2015-11-19 10:48:44 +0000


Started GET "/assets/easing.self-6c26533254dc21fba188b69b81300ecd94c1bef2dda72b9dbb750111973ed31b.js?body=1" for ::1 at 2015-11-19 10:48:44 +0000


Started GET "/assets/easyResponsiveTabs.self-4d426afbd176a7f697fbd18d6139448152654c0f26b67ccc5ac295d31efbad4c.js?body=1" for ::1 at 2015-11-19 10:48:44 +0000


Started GET "/assets/slider.self-212cc25bdcad8b7db6a6930abdac76ed3b2c86421fb091de172d4b9054792204.css?body=1" for ::1 at 2015-11-19 10:48:44 +0000


Started GET "/assets/jquery.accordion.self-8ffc2ab69867cc367a8822aa680c1bc1b6b2e7edda813c761dc55876b59e048e.js?body=1" for ::1 at 2015-11-19 10:48:44 +0000


Started GET "/assets/jquery.easing.self-3a639c31befee4797093271cbabfb4b4aa62a0a55adc290f6f8f0a743d954c44.js?body=1" for ::1 at 2015-11-19 10:48:44 +0000


Started GET "/assets/static_pages.self-877aef30ae1b040ab8a3aba4e3e309a11d7f2612f44dde450b5c157aa5f95c05.js?body=1" for ::1 at 2015-11-19 10:48:44 +0000


Started GET "/assets/script.self-d73a8ed719f1583c2f31b9e2702ea93a659fc8fafc1e7f975e8f8af48ab97b8f.js?body=1" for ::1 at 2015-11-19 10:48:44 +0000


Started GET "/assets/slides.min.jquery.self-d0803505546a614b19dc1adf240ad225581cbf0d376cc39e6da56509b539096f.js?body=1" for ::1 at 2015-11-19 10:48:44 +0000


Started GET "/assets/sessions.self-877aef30ae1b040ab8a3aba4e3e309a11d7f2612f44dde450b5c157aa5f95c05.js?body=1" for ::1 at 2015-11-19 10:48:44 +0000


Started GET "/assets/startstop-slider.self-f40c6cf6ba331d33939f979c215c05c570744c2d4e46cd7dac41ef5551b30438.js?body=1" for ::1 at 2015-11-19 10:48:44 +0000


Started GET "/assets/move-top.self-39ab974ecc4f741018b60d6bdf41a6b165e2379722ac93ad2e680edd1965df33.js?body=1" for ::1 at 2015-11-19 10:48:44 +0000


Started GET "/assets/application.self-32a82a918ac23f0ead93436a9875d7b754e110225815f7f014daace493f8ecdc.js?body=1" for ::1 at 2015-11-19 10:48:44 +0000


Started GET "/assets/users.self-877aef30ae1b040ab8a3aba4e3e309a11d7f2612f44dde450b5c157aa5f95c05.js?body=1" for ::1 at 2015-11-19 10:48:44 +0000


Started GET "/assets/website_logo-3ea470454bfc0d715c1f30be392937ab00f380922265751b453ba0bc2d348547.png" for ::1 at 2015-11-19 10:48:44 +0000


Started GET "/images/drop_arrow.png" for ::1 at 2015-11-19 10:48:44 +0000

ActionController::RoutingError (No route matches [GET] "/images/drop_arrow.png"):
  actionpack (4.2.4) lib/action_dispatch/middleware/debug_exceptions.rb:21:in `call'
  web-console (2.2.1) lib/web_console/middleware.rb:39:in `call'
  actionpack (4.2.4) lib/action_dispatch/middleware/show_exceptions.rb:30:in `call'
  railties (4.2.4) lib/rails/rack/logger.rb:38:in `call_app'
  railties (4.2.4) lib/rails/rack/logger.rb:20:in `block in call'
  activesupport (4.2.4) lib/active_support/tagged_logging.rb:68:in `block in tagged'
  activesupport (4.2.4) lib/active_support/tagged_logging.rb:26:in `tagged'
  activesupport (4.2.4) lib/active_support/tagged_logging.rb:68:in `tagged'
  railties (4.2.4) lib/rails/rack/logger.rb:20:in `call'
  actionpack (4.2.4) lib/action_dispatch/middleware/request_id.rb:21:in `call'
  rack (1.6.4) lib/rack/methodoverride.rb:22:in `call'
  rack (1.6.4) lib/rack/runtime.rb:18:in `call'
  activesupport (4.2.4) lib/active_support/cache/strategy/local_cache_middleware.rb:28:in `call'
  rack (1.6.4) lib/rack/lock.rb:17:in `call'
  actionpack (4.2.4) lib/action_dispatch/middleware/static.rb:116:in `call'
  rack (1.6.4) lib/rack/sendfile.rb:113:in `call'
  railties (4.2.4) lib/rails/engine.rb:518:in `call'
  railties (4.2.4) lib/rails/application.rb:165:in `call'
  rack (1.6.4) lib/rack/content_length.rb:15:in `call'
  puma (2.14.0) lib/puma/server.rb:541:in `handle_request'
  puma (2.14.0) lib/puma/server.rb:388:in `process_client'
  puma (2.14.0) lib/puma/server.rb:270:in `block in run'
  puma (2.14.0) lib/puma/thread_pool.rb:106:in `call'
  puma (2.14.0) lib/puma/thread_pool.rb:106:in `block in spawn_thread'


  Rendered C:/Ruby21/lib/ruby/gems/2.1.0/gems/actionpack-4.2.4/lib/action_dispatch/middleware/templates/rescues/_trace.html.erb (3.9ms)
  Rendered C:/Ruby21/lib/ruby/gems/2.1.0/gems/actionpack-4.2.4/lib/action_dispatch/middleware/templates/routes/_route.html.erb (2.0ms)
  Rendered C:/Ruby21/lib/ruby/gems/2.1.0/gems/actionpack-4.2.4/lib/action_dispatch/middleware/templates/routes/_table.html.erb (295.9ms)
  Rendered C:/Ruby21/lib/ruby/gems/2.1.0/gems/actionpack-4.2.4/lib/action_dispatch/middleware/templates/rescues/_request_and_response.html.erb (2.0ms)
  Rendered C:/Ruby21/lib/ruby/gems/2.1.0/gems/actionpack-4.2.4/lib/action_dispatch/middleware/templates/rescues/routing_error.html.erb within rescues/layout (557.6ms)
  Rendered C:/Ruby21/lib/ruby/gems/2.1.0/gems/web-console-2.2.1/lib/web_console/templates/_markup.html.erb (1.0ms)
  Rendered C:/Ruby21/lib/ruby/gems/2.1.0/gems/web-console-2.2.1/lib/web_console/templates/_inner_console_markup.html.erb within layouts/inlined_string (0.0ms)
  Rendered C:/Ruby21/lib/ruby/gems/2.1.0/gems/web-console-2.2.1/lib/web_console/templates/_prompt_box_markup.html.erb within layouts/inlined_string (0.0ms)
  Rendered C:/Ruby21/lib/ruby/gems/2.1.0/gems/web-console-2.2.1/lib/web_console/templates/style.css.erb within layouts/inlined_string (2.0ms)
  Rendered C:/Ruby21/lib/ruby/gems/2.1.0/gems/web-console-2.2.1/lib/web_console/templates/console.js.erb within layouts/javascript (87.9ms)
  Rendered C:/Ruby21/lib/ruby/gems/2.1.0/gems/web-console-2.2.1/lib/web_console/templates/main.js.erb within layouts/javascript (1.0ms)
  Rendered C:/Ruby21/lib/ruby/gems/2.1.0/gems/web-console-2.2.1/lib/web_console/templates/error_page.js.erb within layouts/javascript (0.0ms)
  Rendered C:/Ruby21/lib/ruby/gems/2.1.0/gems/web-console-2.2.1/lib/web_console/templates/index.html.erb (882.8ms)


Started GET "/assets/fonts/glyphicons-halflings-regular.woff2" for ::1 at 2015-11-19 10:48:47 +0000


Started GET "/assets/search.png" for ::1 at 2015-11-19 10:48:47 +0000


Started GET "/assets/fonts/Amble-Regular-webfont.ttf" for ::1 at 2015-11-19 10:48:47 +0000


Started GET "/pri_images.slide-1-image.png" for ::1 at 2015-11-19 10:48:47 +0000

ActionController::RoutingError (No route matches [GET] "/pri_images.slide-1-image.png"):
  actionpack (4.2.4) lib/action_dispatch/middleware/debug_exceptions.rb:21:in `call'
  web-console (2.2.1) lib/web_console/middleware.rb:39:in `call'
  actionpack (4.2.4) lib/action_dispatch/middleware/show_exceptions.rb:30:in `call'
  railties (4.2.4) lib/rails/rack/logger.rb:38:in `call_app'
  railties (4.2.4) lib/rails/rack/logger.rb:20:in `block in call'
  activesupport (4.2.4) lib/active_support/tagged_logging.rb:68:in `block in tagged'
  activesupport (4.2.4) lib/active_support/tagged_logging.rb:26:in `tagged'
  activesupport (4.2.4) lib/active_support/tagged_logging.rb:68:in `tagged'
  railties (4.2.4) lib/rails/rack/logger.rb:20:in `call'
  actionpack (4.2.4) lib/action_dispatch/middleware/request_id.rb:21:in `call'
  rack (1.6.4) lib/rack/methodoverride.rb:22:in `call'
  rack (1.6.4) lib/rack/runtime.rb:18:in `call'
  activesupport (4.2.4) lib/active_support/cache/strategy/local_cache_middleware.rb:28:in `call'
  rack (1.6.4) lib/rack/lock.rb:17:in `call'
  actionpack (4.2.4) lib/action_dispatch/middleware/static.rb:116:in `call'
  rack (1.6.4) lib/rack/sendfile.rb:113:in `call'
  railties (4.2.4) lib/rails/engine.rb:518:in `call'
  railties (4.2.4) lib/rails/application.rb:165:in `call'
  rack (1.6.4) lib/rack/content_length.rb:15:in `call'
  puma (2.14.0) lib/puma/server.rb:541:in `handle_request'
  puma (2.14.0) lib/puma/server.rb:388:in `process_client'
  puma (2.14.0) lib/puma/server.rb:270:in `block in run'
  puma (2.14.0) lib/puma/thread_pool.rb:106:in `call'
  puma (2.14.0) lib/puma/thread_pool.rb:106:in `block in spawn_thread'


  Rendered C:/Ruby21/lib/ruby/gems/2.1.0/gems/actionpack-4.2.4/lib/action_dispatch/middleware/templates/rescues/_trace.html.erb (2.0ms)
  Rendered C:/Ruby21/lib/ruby/gems/2.1.0/gems/actionpack-4.2.4/lib/action_dispatch/middleware/templates/routes/_route.html.erb (3.9ms)
  Rendered C:/Ruby21/lib/ruby/gems/2.1.0/gems/actionpack-4.2.4/lib/action_dispatch/middleware/templates/routes/_table.html.erb (2.0ms)
  Rendered C:/Ruby21/lib/ruby/gems/2.1.0/gems/actionpack-4.2.4/lib/action_dispatch/middleware/templates/rescues/_request_and_response.html.erb (2.0ms)
  Rendered C:/Ruby21/lib/ruby/gems/2.1.0/gems/actionpack-4.2.4/lib/action_dispatch/middleware/templates/rescues/routing_error.html.erb within rescues/layout (66.4ms)
  Rendered C:/Ruby21/lib/ruby/gems/2.1.0/gems/web-console-2.2.1/lib/web_console/templates/_markup.html.erb (0.0ms)
  Rendered C:/Ruby21/lib/ruby/gems/2.1.0/gems/web-console-2.2.1/lib/web_console/templates/_inner_console_markup.html.erb within layouts/inlined_string (0.0ms)
  Rendered C:/Ruby21/lib/ruby/gems/2.1.0/gems/web-console-2.2.1/lib/web_console/templates/_prompt_box_markup.html.erb within layouts/inlined_string (1.0ms)
  Rendered C:/Ruby21/lib/ruby/gems/2.1.0/gems/web-console-2.2.1/lib/web_console/templates/style.css.erb within layouts/inlined_string (0.0ms)
  Rendered C:/Ruby21/lib/ruby/gems/2.1.0/gems/web-console-2.2.1/lib/web_console/templates/console.js.erb within layouts/javascript (49.8ms)
  Rendered C:/Ruby21/lib/ruby/gems/2.1.0/gems/web-console-2.2.1/lib/web_console/templates/main.js.erb within layouts/javascript (1.0ms)
  Rendered C:/Ruby21/lib/ruby/gems/2.1.0/gems/web-console-2.2.1/lib/web_console/templates/error_page.js.erb within layouts/javascript (1.0ms)
  Rendered C:/Ruby21/lib/ruby/gems/2.1.0/gems/web-console-2.2.1/lib/web_console/templates/index.html.erb (104.5ms)


Started GET "/pri_images.slide-1-image.png/" for ::1 at 2015-11-19 10:48:48 +0000

ActionController::RoutingError (No route matches [GET] "/pri_images.slide-1-image.png"):
  actionpack (4.2.4) lib/action_dispatch/middleware/debug_exceptions.rb:21:in `call'
  web-console (2.2.1) lib/web_console/middleware.rb:39:in `call'
  actionpack (4.2.4) lib/action_dispatch/middleware/show_exceptions.rb:30:in `call'
  railties (4.2.4) lib/rails/rack/logger.rb:38:in `call_app'
  railties (4.2.4) lib/rails/rack/logger.rb:20:in `block in call'
  activesupport (4.2.4) lib/active_support/tagged_logging.rb:68:in `block in tagged'
  activesupport (4.2.4) lib/active_support/tagged_logging.rb:26:in `tagged'
  activesupport (4.2.4) lib/active_support/tagged_logging.rb:68:in `tagged'
  railties (4.2.4) lib/rails/rack/logger.rb:20:in `call'
  actionpack (4.2.4) lib/action_dispatch/middleware/request_id.rb:21:in `call'
  rack (1.6.4) lib/rack/methodoverride.rb:22:in `call'
  rack (1.6.4) lib/rack/runtime.rb:18:in `call'
  activesupport (4.2.4) lib/active_support/cache/strategy/local_cache_middleware.rb:28:in `call'
  rack (1.6.4) lib/rack/lock.rb:17:in `call'
  actionpack (4.2.4) lib/action_dispatch/middleware/static.rb:116:in `call'
  rack (1.6.4) lib/rack/sendfile.rb:113:in `call'
  railties (4.2.4) lib/rails/engine.rb:518:in `call'
  railties (4.2.4) lib/rails/application.rb:165:in `call'
  rack (1.6.4) lib/rack/content_length.rb:15:in `call'
  puma (2.14.0) lib/puma/server.rb:541:in `handle_request'
  puma (2.14.0) lib/puma/server.rb:388:in `process_client'
  puma (2.14.0) lib/puma/server.rb:270:in `block in run'
  puma (2.14.0) lib/puma/thread_pool.rb:106:in `call'
  puma (2.14.0) lib/puma/thread_pool.rb:106:in `block in spawn_thread'


  Rendered C:/Ruby21/lib/ruby/gems/2.1.0/gems/actionpack-4.2.4/lib/action_dispatch/middleware/templates/rescues/_trace.html.erb (3.9ms)
  Rendered C:/Ruby21/lib/ruby/gems/2.1.0/gems/actionpack-4.2.4/lib/action_dispatch/middleware/templates/routes/_route.html.erb (2.0ms)
  Rendered C:/Ruby21/lib/ruby/gems/2.1.0/gems/actionpack-4.2.4/lib/action_dispatch/middleware/templates/routes/_table.html.erb (1.0ms)
  Rendered C:/Ruby21/lib/ruby/gems/2.1.0/gems/actionpack-4.2.4/lib/action_dispatch/middleware/templates/rescues/_request_and_response.html.erb (1.0ms)
  Rendered C:/Ruby21/lib/ruby/gems/2.1.0/gems/actionpack-4.2.4/lib/action_dispatch/middleware/templates/rescues/routing_error.html.erb within rescues/layout (66.4ms)
  Rendered C:/Ruby21/lib/ruby/gems/2.1.0/gems/web-console-2.2.1/lib/web_console/templates/_markup.html.erb (1.0ms)
  Rendered C:/Ruby21/lib/ruby/gems/2.1.0/gems/web-console-2.2.1/lib/web_console/templates/_inner_console_markup.html.erb within layouts/inlined_string (1.0ms)
  Rendered C:/Ruby21/lib/ruby/gems/2.1.0/gems/web-console-2.2.1/lib/web_console/templates/_prompt_box_markup.html.erb within layouts/inlined_string (1.0ms)
  Rendered C:/Ruby21/lib/ruby/gems/2.1.0/gems/web-console-2.2.1/lib/web_console/templates/style.css.erb within layouts/inlined_string (1.0ms)
  Rendered C:/Ruby21/lib/ruby/gems/2.1.0/gems/web-console-2.2.1/lib/web_console/templates/console.js.erb within layouts/javascript (45.9ms)
  Rendered C:/Ruby21/lib/ruby/gems/2.1.0/gems/web-console-2.2.1/lib/web_console/templates/main.js.erb within layouts/javascript (1.0ms)
  Rendered C:/Ruby21/lib/ruby/gems/2.1.0/gems/web-console-2.2.1/lib/web_console/templates/error_page.js.erb within layouts/javascript (0.0ms)
  Rendered C:/Ruby21/lib/ruby/gems/2.1.0/gems/web-console-2.2.1/lib/web_console/templates/index.html.erb (104.5ms)


Started GET "/images/list-img.png" for ::1 at 2015-11-19 10:48:48 +0000

ActionController::RoutingError (No route matches [GET] "/images/list-img.png"):
  actionpack (4.2.4) lib/action_dispatch/middleware/debug_exceptions.rb:21:in `call'
  web-console (2.2.1) lib/web_console/middleware.rb:39:in `call'
  actionpack (4.2.4) lib/action_dispatch/middleware/show_exceptions.rb:30:in `call'
  railties (4.2.4) lib/rails/rack/logger.rb:38:in `call_app'
  railties (4.2.4) lib/rails/rack/logger.rb:20:in `block in call'
  activesupport (4.2.4) lib/active_support/tagged_logging.rb:68:in `block in tagged'
  activesupport (4.2.4) lib/active_support/tagged_logging.rb:26:in `tagged'
  activesupport (4.2.4) lib/active_support/tagged_logging.rb:68:in `tagged'
  railties (4.2.4) lib/rails/rack/logger.rb:20:in `call'
  actionpack (4.2.4) lib/action_dispatch/middleware/request_id.rb:21:in `call'
  rack (1.6.4) lib/rack/methodoverride.rb:22:in `call'
  rack (1.6.4) lib/rack/runtime.rb:18:in `call'
  activesupport (4.2.4) lib/active_support/cache/strategy/local_cache_middleware.rb:28:in `call'
  rack (1.6.4) lib/rack/lock.rb:17:in `call'
  actionpack (4.2.4) lib/action_dispatch/middleware/static.rb:116:in `call'
  rack (1.6.4) lib/rack/sendfile.rb:113:in `call'
  railties (4.2.4) lib/rails/engine.rb:518:in `call'
  railties (4.2.4) lib/rails/application.rb:165:in `call'
  rack (1.6.4) lib/rack/content_length.rb:15:in `call'
  puma (2.14.0) lib/puma/server.rb:541:in `handle_request'
  puma (2.14.0) lib/puma/server.rb:388:in `process_client'
  puma (2.14.0) lib/puma/server.rb:270:in `block in run'
  puma (2.14.0) lib/puma/thread_pool.rb:106:in `call'
  puma (2.14.0) lib/puma/thread_pool.rb:106:in `block in spawn_thread'


  Rendered C:/Ruby21/lib/ruby/gems/2.1.0/gems/actionpack-4.2.4/lib/action_dispatch/middleware/templates/rescues/_trace.html.erb (1.0ms)
  Rendered C:/Ruby21/lib/ruby/gems/2.1.0/gems/actionpack-4.2.4/lib/action_dispatch/middleware/templates/routes/_route.html.erb (2.0ms)
  Rendered C:/Ruby21/lib/ruby/gems/2.1.0/gems/actionpack-4.2.4/lib/action_dispatch/middleware/templates/routes/_table.html.erb (2.0ms)
  Rendered C:/Ruby21/lib/ruby/gems/2.1.0/gems/actionpack-4.2.4/lib/action_dispatch/middleware/templates/rescues/_request_and_response.html.erb (2.0ms)
  Rendered C:/Ruby21/lib/ruby/gems/2.1.0/gems/actionpack-4.2.4/lib/action_dispatch/middleware/templates/rescues/routing_error.html.erb within rescues/layout (70.3ms)
  Rendered C:/Ruby21/lib/ruby/gems/2.1.0/gems/web-console-2.2.1/lib/web_console/templates/_markup.html.erb (0.0ms)
  Rendered C:/Ruby21/lib/ruby/gems/2.1.0/gems/web-console-2.2.1/lib/web_console/templates/_inner_console_markup.html.erb within layouts/inlined_string (0.0ms)
  Rendered C:/Ruby21/lib/ruby/gems/2.1.0/gems/web-console-2.2.1/lib/web_console/templates/_prompt_box_markup.html.erb within layouts/inlined_string (1.0ms)
  Rendered C:/Ruby21/lib/ruby/gems/2.1.0/gems/web-console-2.2.1/lib/web_console/templates/style.css.erb within layouts/inlined_string (1.0ms)
  Rendered C:/Ruby21/lib/ruby/gems/2.1.0/gems/web-console-2.2.1/lib/web_console/templates/console.js.erb within layouts/javascript (46.9ms)
  Rendered C:/Ruby21/lib/ruby/gems/2.1.0/gems/web-console-2.2.1/lib/web_console/templates/main.js.erb within layouts/javascript (0.0ms)
  Rendered C:/Ruby21/lib/ruby/gems/2.1.0/gems/web-console-2.2.1/lib/web_console/templates/error_page.js.erb within layouts/javascript (1.0ms)
  Rendered C:/Ruby21/lib/ruby/gems/2.1.0/gems/web-console-2.2.1/lib/web_console/templates/index.html.erb (100.6ms)


Started GET "/images/favicon.ico" for ::1 at 2015-11-19 10:48:52 +0000

ActionController::RoutingError (No route matches [GET] "/images/favicon.ico"):
  actionpack (4.2.4) lib/action_dispatch/middleware/debug_exceptions.rb:21:in `call'
  web-console (2.2.1) lib/web_console/middleware.rb:39:in `call'
  actionpack (4.2.4) lib/action_dispatch/middleware/show_exceptions.rb:30:in `call'
  railties (4.2.4) lib/rails/rack/logger.rb:38:in `call_app'
  railties (4.2.4) lib/rails/rack/logger.rb:20:in `block in call'
  activesupport (4.2.4) lib/active_support/tagged_logging.rb:68:in `block in tagged'
  activesupport (4.2.4) lib/active_support/tagged_logging.rb:26:in `tagged'
  activesupport (4.2.4) lib/active_support/tagged_logging.rb:68:in `tagged'
  railties (4.2.4) lib/rails/rack/logger.rb:20:in `call'
  actionpack (4.2.4) lib/action_dispatch/middleware/request_id.rb:21:in `call'
  rack (1.6.4) lib/rack/methodoverride.rb:22:in `call'
  rack (1.6.4) lib/rack/runtime.rb:18:in `call'
  activesupport (4.2.4) lib/active_support/cache/strategy/local_cache_middleware.rb:28:in `call'
  rack (1.6.4) lib/rack/lock.rb:17:in `call'
  actionpack (4.2.4) lib/action_dispatch/middleware/static.rb:116:in `call'
  rack (1.6.4) lib/rack/sendfile.rb:113:in `call'
  railties (4.2.4) lib/rails/engine.rb:518:in `call'
  railties (4.2.4) lib/rails/application.rb:165:in `call'
  rack (1.6.4) lib/rack/content_length.rb:15:in `call'
  puma (2.14.0) lib/puma/server.rb:541:in `handle_request'
  puma (2.14.0) lib/puma/server.rb:388:in `process_client'
  puma (2.14.0) lib/puma/server.rb:270:in `block in run'
  puma (2.14.0) lib/puma/thread_pool.rb:106:in `call'
  puma (2.14.0) lib/puma/thread_pool.rb:106:in `block in spawn_thread'


  Rendered C:/Ruby21/lib/ruby/gems/2.1.0/gems/actionpack-4.2.4/lib/action_dispatch/middleware/templates/rescues/_trace.html.erb (0.0ms)
  Rendered C:/Ruby21/lib/ruby/gems/2.1.0/gems/actionpack-4.2.4/lib/action_dispatch/middleware/templates/routes/_route.html.erb (0.0ms)
  Rendered C:/Ruby21/lib/ruby/gems/2.1.0/gems/actionpack-4.2.4/lib/action_dispatch/middleware/templates/routes/_table.html.erb (0.0ms)
  Rendered C:/Ruby21/lib/ruby/gems/2.1.0/gems/actionpack-4.2.4/lib/action_dispatch/middleware/templates/rescues/_request_and_response.html.erb (0.0ms)
  Rendered C:/Ruby21/lib/ruby/gems/2.1.0/gems/actionpack-4.2.4/lib/action_dispatch/middleware/templates/rescues/routing_error.html.erb within rescues/layout (62.5ms)
  Rendered C:/Ruby21/lib/ruby/gems/2.1.0/gems/web-console-2.2.1/lib/web_console/templates/_markup.html.erb (0.0ms)
  Rendered C:/Ruby21/lib/ruby/gems/2.1.0/gems/web-console-2.2.1/lib/web_console/templates/_inner_console_markup.html.erb within layouts/inlined_string (0.0ms)
  Rendered C:/Ruby21/lib/ruby/gems/2.1.0/gems/web-console-2.2.1/lib/web_console/templates/_prompt_box_markup.html.erb within layouts/inlined_string (0.0ms)
  Rendered C:/Ruby21/lib/ruby/gems/2.1.0/gems/web-console-2.2.1/lib/web_console/templates/style.css.erb within layouts/inlined_string (0.0ms)
  Rendered C:/Ruby21/lib/ruby/gems/2.1.0/gems/web-console-2.2.1/lib/web_console/templates/console.js.erb within layouts/javascript (31.3ms)
  Rendered C:/Ruby21/lib/ruby/gems/2.1.0/gems/web-console-2.2.1/lib/web_console/templates/main.js.erb within layouts/javascript (0.0ms)
  Rendered C:/Ruby21/lib/ruby/gems/2.1.0/gems/web-console-2.2.1/lib/web_console/templates/error_page.js.erb within layouts/javascript (1.0ms)
  Rendered C:/Ruby21/lib/ruby/gems/2.1.0/gems/web-console-2.2.1/lib/web_console/templates/index.html.erb (106.4ms)


Started GET "/" for ::1 at 2015-11-19 10:49:30 +0000
Processing by StaticPagesController#home as HTML
  Rendered layouts/_categories_list.html.erb (0.0ms)
  Rendered layouts/_slider.html.erb (15.3ms)
  Rendered layouts/_products_list.erb (0.0ms)
  Rendered static_pages/home.html.erb within layouts/application (30.6ms)
  Rendered layouts/_header.html.erb (8.6ms)
  Rendered layouts/_footer.html.erb (0.0ms)
Completed 200 OK in 2189ms (Views: 549.4ms | ActiveRecord: 0.0ms)


Started GET "/pri_images.slide-1-image.png/" for ::1 at 2015-11-19 10:49:32 +0000

ActionController::RoutingError (No route matches [GET] "/pri_images.slide-1-image.png"):
  actionpack (4.2.4) lib/action_dispatch/middleware/debug_exceptions.rb:21:in `call'
  web-console (2.2.1) lib/web_console/middleware.rb:39:in `call'
  actionpack (4.2.4) lib/action_dispatch/middleware/show_exceptions.rb:30:in `call'
  railties (4.2.4) lib/rails/rack/logger.rb:38:in `call_app'
  railties (4.2.4) lib/rails/rack/logger.rb:20:in `block in call'
  activesupport (4.2.4) lib/active_support/tagged_logging.rb:68:in `block in tagged'
  activesupport (4.2.4) lib/active_support/tagged_logging.rb:26:in `tagged'
  activesupport (4.2.4) lib/active_support/tagged_logging.rb:68:in `tagged'
  railties (4.2.4) lib/rails/rack/logger.rb:20:in `call'
  actionpack (4.2.4) lib/action_dispatch/middleware/request_id.rb:21:in `call'
  rack (1.6.4) lib/rack/methodoverride.rb:22:in `call'
  rack (1.6.4) lib/rack/runtime.rb:18:in `call'
  activesupport (4.2.4) lib/active_support/cache/strategy/local_cache_middleware.rb:28:in `call'
  rack (1.6.4) lib/rack/lock.rb:17:in `call'
  actionpack (4.2.4) lib/action_dispatch/middleware/static.rb:116:in `call'
  rack (1.6.4) lib/rack/sendfile.rb:113:in `call'
  railties (4.2.4) lib/rails/engine.rb:518:in `call'
  railties (4.2.4) lib/rails/application.rb:165:in `call'
  rack (1.6.4) lib/rack/content_length.rb:15:in `call'
  puma (2.14.0) lib/puma/server.rb:541:in `handle_request'
  puma (2.14.0) lib/puma/server.rb:388:in `process_client'
  puma (2.14.0) lib/puma/server.rb:270:in `block in run'
  puma (2.14.0) lib/puma/thread_pool.rb:106:in `call'
  puma (2.14.0) lib/puma/thread_pool.rb:106:in `block in spawn_thread'


  Rendered C:/Ruby21/lib/ruby/gems/2.1.0/gems/actionpack-4.2.4/lib/action_dispatch/middleware/templates/rescues/_trace.html.erb (1.9ms)
  Rendered C:/Ruby21/lib/ruby/gems/2.1.0/gems/actionpack-4.2.4/lib/action_dispatch/middleware/templates/routes/_route.html.erb (1.9ms)
  Rendered C:/Ruby21/lib/ruby/gems/2.1.0/gems/actionpack-4.2.4/lib/action_dispatch/middleware/templates/routes/_table.html.erb (1.9ms)
  Rendered C:/Ruby21/lib/ruby/gems/2.1.0/gems/actionpack-4.2.4/lib/action_dispatch/middleware/templates/rescues/_request_and_response.html.erb (15.3ms)
  Rendered C:/Ruby21/lib/ruby/gems/2.1.0/gems/actionpack-4.2.4/lib/action_dispatch/middleware/templates/rescues/routing_error.html.erb within rescues/layout (98.6ms)
  Rendered C:/Ruby21/lib/ruby/gems/2.1.0/gems/web-console-2.2.1/lib/web_console/templates/_markup.html.erb (0.0ms)
  Rendered C:/Ruby21/lib/ruby/gems/2.1.0/gems/web-console-2.2.1/lib/web_console/templates/_inner_console_markup.html.erb within layouts/inlined_string (0.0ms)
  Rendered C:/Ruby21/lib/ruby/gems/2.1.0/gems/web-console-2.2.1/lib/web_console/templates/_prompt_box_markup.html.erb within layouts/inlined_string (0.0ms)
  Rendered C:/Ruby21/lib/ruby/gems/2.1.0/gems/web-console-2.2.1/lib/web_console/templates/style.css.erb within layouts/inlined_string (0.0ms)
  Rendered C:/Ruby21/lib/ruby/gems/2.1.0/gems/web-console-2.2.1/lib/web_console/templates/console.js.erb within layouts/javascript (45.9ms)
  Rendered C:/Ruby21/lib/ruby/gems/2.1.0/gems/web-console-2.2.1/lib/web_console/templates/main.js.erb within layouts/javascript (0.0ms)
  Rendered C:/Ruby21/lib/ruby/gems/2.1.0/gems/web-console-2.2.1/lib/web_console/templates/error_page.js.erb within layouts/javascript (15.3ms)
  Rendered C:/Ruby21/lib/ruby/gems/2.1.0/gems/web-console-2.2.1/lib/web_console/templates/index.html.erb (91.9ms)


Started GET "/pri_images.slide-1-image.png" for ::1 at 2015-11-19 10:49:32 +0000

ActionController::RoutingError (No route matches [GET] "/pri_images.slide-1-image.png"):
  actionpack (4.2.4) lib/action_dispatch/middleware/debug_exceptions.rb:21:in `call'
  web-console (2.2.1) lib/web_console/middleware.rb:39:in `call'
  actionpack (4.2.4) lib/action_dispatch/middleware/show_exceptions.rb:30:in `call'
  railties (4.2.4) lib/rails/rack/logger.rb:38:in `call_app'
  railties (4.2.4) lib/rails/rack/logger.rb:20:in `block in call'
  activesupport (4.2.4) lib/active_support/tagged_logging.rb:68:in `block in tagged'
  activesupport (4.2.4) lib/active_support/tagged_logging.rb:26:in `tagged'
  activesupport (4.2.4) lib/active_support/tagged_logging.rb:68:in `tagged'
  railties (4.2.4) lib/rails/rack/logger.rb:20:in `call'
  actionpack (4.2.4) lib/action_dispatch/middleware/request_id.rb:21:in `call'
  rack (1.6.4) lib/rack/methodoverride.rb:22:in `call'
  rack (1.6.4) lib/rack/runtime.rb:18:in `call'
  activesupport (4.2.4) lib/active_support/cache/strategy/local_cache_middleware.rb:28:in `call'
  rack (1.6.4) lib/rack/lock.rb:17:in `call'
  actionpack (4.2.4) lib/action_dispatch/middleware/static.rb:116:in `call'
  rack (1.6.4) lib/rack/sendfile.rb:113:in `call'
  railties (4.2.4) lib/rails/engine.rb:518:in `call'
  railties (4.2.4) lib/rails/application.rb:165:in `call'
  rack (1.6.4) lib/rack/content_length.rb:15:in `call'
  puma (2.14.0) lib/puma/server.rb:541:in `handle_request'
  puma (2.14.0) lib/puma/server.rb:388:in `process_client'
  puma (2.14.0) lib/puma/server.rb:270:in `block in run'
  puma (2.14.0) lib/puma/thread_pool.rb:106:in `call'
  puma (2.14.0) lib/puma/thread_pool.rb:106:in `block in spawn_thread'


  Rendered C:/Ruby21/lib/ruby/gems/2.1.0/gems/actionpack-4.2.4/lib/action_dispatch/middleware/templates/rescues/_trace.html.erb (1.9ms)
  Rendered C:/Ruby21/lib/ruby/gems/2.1.0/gems/actionpack-4.2.4/lib/action_dispatch/middleware/templates/routes/_route.html.erb (2.9ms)
  Rendered C:/Ruby21/lib/ruby/gems/2.1.0/gems/actionpack-4.2.4/lib/action_dispatch/middleware/templates/routes/_table.html.erb (1.0ms)
  Rendered C:/Ruby21/lib/ruby/gems/2.1.0/gems/actionpack-4.2.4/lib/action_dispatch/middleware/templates/rescues/_request_and_response.html.erb (30.6ms)
  Rendered C:/Ruby21/lib/ruby/gems/2.1.0/gems/actionpack-4.2.4/lib/action_dispatch/middleware/templates/rescues/routing_error.html.erb within rescues/layout (90.9ms)
  Rendered C:/Ruby21/lib/ruby/gems/2.1.0/gems/web-console-2.2.1/lib/web_console/templates/_markup.html.erb (0.0ms)
  Rendered C:/Ruby21/lib/ruby/gems/2.1.0/gems/web-console-2.2.1/lib/web_console/templates/_inner_console_markup.html.erb within layouts/inlined_string (0.0ms)
  Rendered C:/Ruby21/lib/ruby/gems/2.1.0/gems/web-console-2.2.1/lib/web_console/templates/_prompt_box_markup.html.erb within layouts/inlined_string (15.3ms)
  Rendered C:/Ruby21/lib/ruby/gems/2.1.0/gems/web-console-2.2.1/lib/web_console/templates/style.css.erb within layouts/inlined_string (0.0ms)
  Rendered C:/Ruby21/lib/ruby/gems/2.1.0/gems/web-console-2.2.1/lib/web_console/templates/console.js.erb within layouts/javascript (61.3ms)
  Rendered C:/Ruby21/lib/ruby/gems/2.1.0/gems/web-console-2.2.1/lib/web_console/templates/main.js.erb within layouts/javascript (0.0ms)
  Rendered C:/Ruby21/lib/ruby/gems/2.1.0/gems/web-console-2.2.1/lib/web_console/templates/error_page.js.erb within layouts/javascript (0.0ms)
  Rendered C:/Ruby21/lib/ruby/gems/2.1.0/gems/web-console-2.2.1/lib/web_console/templates/index.html.erb (122.5ms)


Started GET "/products?codCategory=A01" for ::1 at 2015-11-19 10:49:35 +0000
Processing by StaticPagesController#products as HTML
  Parameters: {"codCategory"=>"A01"}
  Rendered layouts/_categories_list.html.erb (0.0ms)
  Rendered layouts/_products_list.erb (27.6ms)
  Rendered static_pages/products.html.erb within layouts/application (901.0ms)
  Rendered layouts/_header.html.erb (0.0ms)
  Rendered layouts/_footer.html.erb (0.0ms)
Completed 200 OK in 7447ms (Views: 1259.4ms | ActiveRecord: 0.0ms)


Started GET "/" for ::1 at 2015-11-19 10:49:42 +0000
Processing by StaticPagesController#home as HTML
  Rendered layouts/_categories_list.html.erb (0.0ms)
  Rendered layouts/_slider.html.erb (0.0ms)
  Rendered layouts/_products_list.erb (0.0ms)
  Rendered static_pages/home.html.erb within layouts/application (13.8ms)
  Rendered layouts/_header.html.erb (13.8ms)
  Rendered layouts/_footer.html.erb (0.0ms)
Completed 200 OK in 871ms (Views: 413.5ms | ActiveRecord: 0.0ms)


Started GET "/" for ::1 at 2015-11-19 10:49:43 +0000
Processing by StaticPagesController#home as HTML
  Rendered layouts/_categories_list.html.erb (0.0ms)
  Rendered layouts/_slider.html.erb (0.0ms)
  Rendered layouts/_products_list.erb (0.0ms)
  Rendered static_pages/home.html.erb within layouts/application (13.8ms)
  Rendered layouts/_header.html.erb (5.2ms)
  Rendered layouts/_footer.html.erb (0.0ms)
Completed 200 OK in 926ms (Views: 443.6ms | ActiveRecord: 0.0ms)


Started GET "/" for ::1 at 2015-11-19 10:49:44 +0000
Processing by StaticPagesController#home as HTML
  Rendered layouts/_categories_list.html.erb (0.0ms)
  Rendered layouts/_slider.html.erb (0.0ms)
  Rendered layouts/_products_list.erb (0.0ms)
  Rendered static_pages/home.html.erb within layouts/application (13.8ms)
  Rendered layouts/_header.html.erb (6.0ms)
  Rendered layouts/_footer.html.erb (0.0ms)
Completed 200 OK in 919ms (Views: 416.9ms | ActiveRecord: 0.0ms)


Started GET "/pri_images.slide-1-image.png/" for ::1 at 2015-11-19 10:49:45 +0000

ActionController::RoutingError (No route matches [GET] "/pri_images.slide-1-image.png"):
  actionpack (4.2.4) lib/action_dispatch/middleware/debug_exceptions.rb:21:in `call'
  web-console (2.2.1) lib/web_console/middleware.rb:39:in `call'
  actionpack (4.2.4) lib/action_dispatch/middleware/show_exceptions.rb:30:in `call'
  railties (4.2.4) lib/rails/rack/logger.rb:38:in `call_app'
  railties (4.2.4) lib/rails/rack/logger.rb:20:in `block in call'
  activesupport (4.2.4) lib/active_support/tagged_logging.rb:68:in `block in tagged'
  activesupport (4.2.4) lib/active_support/tagged_logging.rb:26:in `tagged'
  activesupport (4.2.4) lib/active_support/tagged_logging.rb:68:in `tagged'
  railties (4.2.4) lib/rails/rack/logger.rb:20:in `call'
  actionpack (4.2.4) lib/action_dispatch/middleware/request_id.rb:21:in `call'
  rack (1.6.4) lib/rack/methodoverride.rb:22:in `call'
  rack (1.6.4) lib/rack/runtime.rb:18:in `call'
  activesupport (4.2.4) lib/active_support/cache/strategy/local_cache_middleware.rb:28:in `call'
  rack (1.6.4) lib/rack/lock.rb:17:in `call'
  actionpack (4.2.4) lib/action_dispatch/middleware/static.rb:116:in `call'
  rack (1.6.4) lib/rack/sendfile.rb:113:in `call'
  railties (4.2.4) lib/rails/engine.rb:518:in `call'
  railties (4.2.4) lib/rails/application.rb:165:in `call'
  rack (1.6.4) lib/rack/content_length.rb:15:in `call'
  puma (2.14.0) lib/puma/server.rb:541:in `handle_request'
  puma (2.14.0) lib/puma/server.rb:388:in `process_client'
  puma (2.14.0) lib/puma/server.rb:270:in `block in run'
  puma (2.14.0) lib/puma/thread_pool.rb:106:in `call'
  puma (2.14.0) lib/puma/thread_pool.rb:106:in `block in spawn_thread'


  Rendered C:/Ruby21/lib/ruby/gems/2.1.0/gems/actionpack-4.2.4/lib/action_dispatch/middleware/templates/rescues/_trace.html.erb (1.7ms)
  Rendered C:/Ruby21/lib/ruby/gems/2.1.0/gems/actionpack-4.2.4/lib/action_dispatch/middleware/templates/routes/_route.html.erb (0.0ms)
  Rendered C:/Ruby21/lib/ruby/gems/2.1.0/gems/actionpack-4.2.4/lib/action_dispatch/middleware/templates/routes/_table.html.erb (0.0ms)
  Rendered C:/Ruby21/lib/ruby/gems/2.1.0/gems/actionpack-4.2.4/lib/action_dispatch/middleware/templates/rescues/_request_and_response.html.erb (0.0ms)
  Rendered C:/Ruby21/lib/ruby/gems/2.1.0/gems/actionpack-4.2.4/lib/action_dispatch/middleware/templates/rescues/routing_error.html.erb within rescues/layout (72.4ms)
  Rendered C:/Ruby21/lib/ruby/gems/2.1.0/gems/web-console-2.2.1/lib/web_console/templates/_markup.html.erb (0.0ms)
  Rendered C:/Ruby21/lib/ruby/gems/2.1.0/gems/web-console-2.2.1/lib/web_console/templates/_inner_console_markup.html.erb within layouts/inlined_string (0.0ms)
  Rendered C:/Ruby21/lib/ruby/gems/2.1.0/gems/web-console-2.2.1/lib/web_console/templates/_prompt_box_markup.html.erb within layouts/inlined_string (0.0ms)
  Rendered C:/Ruby21/lib/ruby/gems/2.1.0/gems/web-console-2.2.1/lib/web_console/templates/style.css.erb within layouts/inlined_string (0.0ms)
  Rendered C:/Ruby21/lib/ruby/gems/2.1.0/gems/web-console-2.2.1/lib/web_console/templates/console.js.erb within layouts/javascript (41.3ms)
  Rendered C:/Ruby21/lib/ruby/gems/2.1.0/gems/web-console-2.2.1/lib/web_console/templates/main.js.erb within layouts/javascript (0.0ms)
  Rendered C:/Ruby21/lib/ruby/gems/2.1.0/gems/web-console-2.2.1/lib/web_console/templates/error_page.js.erb within layouts/javascript (13.8ms)
  Rendered C:/Ruby21/lib/ruby/gems/2.1.0/gems/web-console-2.2.1/lib/web_console/templates/index.html.erb (82.7ms)


Started GET "/pri_images.slide-1-image.png" for ::1 at 2015-11-19 10:49:45 +0000

ActionController::RoutingError (No route matches [GET] "/pri_images.slide-1-image.png"):
  actionpack (4.2.4) lib/action_dispatch/middleware/debug_exceptions.rb:21:in `call'
  web-console (2.2.1) lib/web_console/middleware.rb:39:in `call'
  actionpack (4.2.4) lib/action_dispatch/middleware/show_exceptions.rb:30:in `call'
  railties (4.2.4) lib/rails/rack/logger.rb:38:in `call_app'
  railties (4.2.4) lib/rails/rack/logger.rb:20:in `block in call'
  activesupport (4.2.4) lib/active_support/tagged_logging.rb:68:in `block in tagged'
  activesupport (4.2.4) lib/active_support/tagged_logging.rb:26:in `tagged'
  activesupport (4.2.4) lib/active_support/tagged_logging.rb:68:in `tagged'
  railties (4.2.4) lib/rails/rack/logger.rb:20:in `call'
  actionpack (4.2.4) lib/action_dispatch/middleware/request_id.rb:21:in `call'
  rack (1.6.4) lib/rack/methodoverride.rb:22:in `call'
  rack (1.6.4) lib/rack/runtime.rb:18:in `call'
  activesupport (4.2.4) lib/active_support/cache/strategy/local_cache_middleware.rb:28:in `call'
  rack (1.6.4) lib/rack/lock.rb:17:in `call'
  actionpack (4.2.4) lib/action_dispatch/middleware/static.rb:116:in `call'
  rack (1.6.4) lib/rack/sendfile.rb:113:in `call'
  railties (4.2.4) lib/rails/engine.rb:518:in `call'
  railties (4.2.4) lib/rails/application.rb:165:in `call'
  rack (1.6.4) lib/rack/content_length.rb:15:in `call'
  puma (2.14.0) lib/puma/server.rb:541:in `handle_request'
  puma (2.14.0) lib/puma/server.rb:388:in `process_client'
  puma (2.14.0) lib/puma/server.rb:270:in `block in run'
  puma (2.14.0) lib/puma/thread_pool.rb:106:in `call'
  puma (2.14.0) lib/puma/thread_pool.rb:106:in `block in spawn_thread'


  Rendered C:/Ruby21/lib/ruby/gems/2.1.0/gems/actionpack-4.2.4/lib/action_dispatch/middleware/templates/rescues/_trace.html.erb (1.7ms)
  Rendered C:/Ruby21/lib/ruby/gems/2.1.0/gems/actionpack-4.2.4/lib/action_dispatch/middleware/templates/routes/_route.html.erb (0.0ms)
  Rendered C:/Ruby21/lib/ruby/gems/2.1.0/gems/actionpack-4.2.4/lib/action_dispatch/middleware/templates/routes/_table.html.erb (13.8ms)
  Rendered C:/Ruby21/lib/ruby/gems/2.1.0/gems/actionpack-4.2.4/lib/action_dispatch/middleware/templates/rescues/_request_and_response.html.erb (0.0ms)
  Rendered C:/Ruby21/lib/ruby/gems/2.1.0/gems/actionpack-4.2.4/lib/action_dispatch/middleware/templates/rescues/routing_error.html.erb within rescues/layout (57.7ms)
  Rendered C:/Ruby21/lib/ruby/gems/2.1.0/gems/web-console-2.2.1/lib/web_console/templates/_markup.html.erb (0.0ms)
  Rendered C:/Ruby21/lib/ruby/gems/2.1.0/gems/web-console-2.2.1/lib/web_console/templates/_inner_console_markup.html.erb within layouts/inlined_string (0.0ms)
  Rendered C:/Ruby21/lib/ruby/gems/2.1.0/gems/web-console-2.2.1/lib/web_console/templates/_prompt_box_markup.html.erb within layouts/inlined_string (0.0ms)
  Rendered C:/Ruby21/lib/ruby/gems/2.1.0/gems/web-console-2.2.1/lib/web_console/templates/style.css.erb within layouts/inlined_string (0.0ms)
  Rendered C:/Ruby21/lib/ruby/gems/2.1.0/gems/web-console-2.2.1/lib/web_console/templates/console.js.erb within layouts/javascript (37.0ms)
  Rendered C:/Ruby21/lib/ruby/gems/2.1.0/gems/web-console-2.2.1/lib/web_console/templates/main.js.erb within layouts/javascript (0.0ms)
  Rendered C:/Ruby21/lib/ruby/gems/2.1.0/gems/web-console-2.2.1/lib/web_console/templates/error_page.js.erb within layouts/javascript (0.0ms)
  Rendered C:/Ruby21/lib/ruby/gems/2.1.0/gems/web-console-2.2.1/lib/web_console/templates/index.html.erb (92.2ms)


Started GET "/products" for ::1 at 2015-11-19 11:08:03 +0000
Processing by StaticPagesController#products as HTML
  Rendered layouts/_categories_list.html.erb (2.9ms)
  Rendered layouts/_products_list.erb (210.9ms)
  Rendered static_pages/products.html.erb within layouts/application (242.2ms)
  Rendered layouts/_header.html.erb (6.2ms)
  Rendered layouts/_footer.html.erb (0.0ms)
Completed 200 OK in 3425ms (Views: 1057.3ms | ActiveRecord: 0.0ms)


Started GET "/assets/photo_not_available-712322dc48d726f3f6845ccff782516780551ca93dcac896f9393ddc708cd383.jpg" for ::1 at 2015-11-19 11:08:07 +0000


Started GET "/assets/fonts/Amble-Regular-webfont.ttf" for ::1 at 2015-11-19 11:08:08 +0000


Started GET "/assets/search.png" for ::1 at 2015-11-19 11:08:08 +0000


Started GET "/images/drop_arrow.png" for ::1 at 2015-11-19 11:08:08 +0000

ActionController::RoutingError (No route matches [GET] "/images/drop_arrow.png"):
  actionpack (4.2.4) lib/action_dispatch/middleware/debug_exceptions.rb:21:in `call'
  web-console (2.2.1) lib/web_console/middleware.rb:39:in `call'
  actionpack (4.2.4) lib/action_dispatch/middleware/show_exceptions.rb:30:in `call'
  railties (4.2.4) lib/rails/rack/logger.rb:38:in `call_app'
  railties (4.2.4) lib/rails/rack/logger.rb:20:in `block in call'
  activesupport (4.2.4) lib/active_support/tagged_logging.rb:68:in `block in tagged'
  activesupport (4.2.4) lib/active_support/tagged_logging.rb:26:in `tagged'
  activesupport (4.2.4) lib/active_support/tagged_logging.rb:68:in `tagged'
  railties (4.2.4) lib/rails/rack/logger.rb:20:in `call'
  actionpack (4.2.4) lib/action_dispatch/middleware/request_id.rb:21:in `call'
  rack (1.6.4) lib/rack/methodoverride.rb:22:in `call'
  rack (1.6.4) lib/rack/runtime.rb:18:in `call'
  activesupport (4.2.4) lib/active_support/cache/strategy/local_cache_middleware.rb:28:in `call'
  rack (1.6.4) lib/rack/lock.rb:17:in `call'
  actionpack (4.2.4) lib/action_dispatch/middleware/static.rb:116:in `call'
  rack (1.6.4) lib/rack/sendfile.rb:113:in `call'
  railties (4.2.4) lib/rails/engine.rb:518:in `call'
  railties (4.2.4) lib/rails/application.rb:165:in `call'
  rack (1.6.4) lib/rack/content_length.rb:15:in `call'
  puma (2.14.0) lib/puma/server.rb:541:in `handle_request'
  puma (2.14.0) lib/puma/server.rb:388:in `process_client'
  puma (2.14.0) lib/puma/server.rb:270:in `block in run'
  puma (2.14.0) lib/puma/thread_pool.rb:106:in `call'
  puma (2.14.0) lib/puma/thread_pool.rb:106:in `block in spawn_thread'


  Rendered C:/Ruby21/lib/ruby/gems/2.1.0/gems/actionpack-4.2.4/lib/action_dispatch/middleware/templates/rescues/_trace.html.erb (1.8ms)
  Rendered C:/Ruby21/lib/ruby/gems/2.1.0/gems/actionpack-4.2.4/lib/action_dispatch/middleware/templates/routes/_route.html.erb (1.8ms)
  Rendered C:/Ruby21/lib/ruby/gems/2.1.0/gems/actionpack-4.2.4/lib/action_dispatch/middleware/templates/routes/_table.html.erb (1.8ms)
  Rendered C:/Ruby21/lib/ruby/gems/2.1.0/gems/actionpack-4.2.4/lib/action_dispatch/middleware/templates/rescues/_request_and_response.html.erb (1.8ms)
  Rendered C:/Ruby21/lib/ruby/gems/2.1.0/gems/actionpack-4.2.4/lib/action_dispatch/middleware/templates/rescues/routing_error.html.erb within rescues/layout (205.7ms)
  Rendered C:/Ruby21/lib/ruby/gems/2.1.0/gems/web-console-2.2.1/lib/web_console/templates/_markup.html.erb (0.9ms)
  Rendered C:/Ruby21/lib/ruby/gems/2.1.0/gems/web-console-2.2.1/lib/web_console/templates/_inner_console_markup.html.erb within layouts/inlined_string (0.9ms)
  Rendered C:/Ruby21/lib/ruby/gems/2.1.0/gems/web-console-2.2.1/lib/web_console/templates/_prompt_box_markup.html.erb within layouts/inlined_string (0.9ms)
  Rendered C:/Ruby21/lib/ruby/gems/2.1.0/gems/web-console-2.2.1/lib/web_console/templates/style.css.erb within layouts/inlined_string (0.0ms)
  Rendered C:/Ruby21/lib/ruby/gems/2.1.0/gems/web-console-2.2.1/lib/web_console/templates/console.js.erb within layouts/javascript (109.9ms)
  Rendered C:/Ruby21/lib/ruby/gems/2.1.0/gems/web-console-2.2.1/lib/web_console/templates/main.js.erb within layouts/javascript (0.0ms)
  Rendered C:/Ruby21/lib/ruby/gems/2.1.0/gems/web-console-2.2.1/lib/web_console/templates/error_page.js.erb within layouts/javascript (0.9ms)
  Rendered C:/Ruby21/lib/ruby/gems/2.1.0/gems/web-console-2.2.1/lib/web_console/templates/index.html.erb (213.6ms)


Started GET "/products" for ::1 at 2015-11-19 11:08:27 +0000
Processing by StaticPagesController#products as HTML
  Rendered layouts/_categories_list.html.erb (3.2ms)
  Rendered layouts/_products_list.erb (318.0ms)
  Rendered static_pages/products.html.erb within layouts/application (335.0ms)
  Rendered layouts/_header.html.erb (0.0ms)
  Rendered layouts/_footer.html.erb (0.0ms)
Completed 200 OK in 2120ms (Views: 955.0ms | ActiveRecord: 0.0ms)


Started GET "/products/1" for ::1 at 2015-11-19 11:08:33 +0000

ActionController::RoutingError (No route matches [GET] "/products/1"):
  actionpack (4.2.4) lib/action_dispatch/middleware/debug_exceptions.rb:21:in `call'
  web-console (2.2.1) lib/web_console/middleware.rb:39:in `call'
  actionpack (4.2.4) lib/action_dispatch/middleware/show_exceptions.rb:30:in `call'
  railties (4.2.4) lib/rails/rack/logger.rb:38:in `call_app'
  railties (4.2.4) lib/rails/rack/logger.rb:20:in `block in call'
  activesupport (4.2.4) lib/active_support/tagged_logging.rb:68:in `block in tagged'
  activesupport (4.2.4) lib/active_support/tagged_logging.rb:26:in `tagged'
  activesupport (4.2.4) lib/active_support/tagged_logging.rb:68:in `tagged'
  railties (4.2.4) lib/rails/rack/logger.rb:20:in `call'
  actionpack (4.2.4) lib/action_dispatch/middleware/request_id.rb:21:in `call'
  rack (1.6.4) lib/rack/methodoverride.rb:22:in `call'
  rack (1.6.4) lib/rack/runtime.rb:18:in `call'
  activesupport (4.2.4) lib/active_support/cache/strategy/local_cache_middleware.rb:28:in `call'
  rack (1.6.4) lib/rack/lock.rb:17:in `call'
  actionpack (4.2.4) lib/action_dispatch/middleware/static.rb:116:in `call'
  rack (1.6.4) lib/rack/sendfile.rb:113:in `call'
  railties (4.2.4) lib/rails/engine.rb:518:in `call'
  railties (4.2.4) lib/rails/application.rb:165:in `call'
  rack (1.6.4) lib/rack/content_length.rb:15:in `call'
  puma (2.14.0) lib/puma/server.rb:541:in `handle_request'
  puma (2.14.0) lib/puma/server.rb:388:in `process_client'
  puma (2.14.0) lib/puma/server.rb:270:in `block in run'
  puma (2.14.0) lib/puma/thread_pool.rb:106:in `call'
  puma (2.14.0) lib/puma/thread_pool.rb:106:in `block in spawn_thread'


  Rendered C:/Ruby21/lib/ruby/gems/2.1.0/gems/actionpack-4.2.4/lib/action_dispatch/middleware/templates/rescues/_trace.html.erb (2.1ms)
  Rendered C:/Ruby21/lib/ruby/gems/2.1.0/gems/actionpack-4.2.4/lib/action_dispatch/middleware/templates/routes/_route.html.erb (2.1ms)
  Rendered C:/Ruby21/lib/ruby/gems/2.1.0/gems/actionpack-4.2.4/lib/action_dispatch/middleware/templates/routes/_table.html.erb (2.1ms)
  Rendered C:/Ruby21/lib/ruby/gems/2.1.0/gems/actionpack-4.2.4/lib/action_dispatch/middleware/templates/rescues/_request_and_response.html.erb (2.1ms)
  Rendered C:/Ruby21/lib/ruby/gems/2.1.0/gems/actionpack-4.2.4/lib/action_dispatch/middleware/templates/rescues/routing_error.html.erb within rescues/layout (72.3ms)
  Rendered C:/Ruby21/lib/ruby/gems/2.1.0/gems/web-console-2.2.1/lib/web_console/templates/_markup.html.erb (0.0ms)
  Rendered C:/Ruby21/lib/ruby/gems/2.1.0/gems/web-console-2.2.1/lib/web_console/templates/_inner_console_markup.html.erb within layouts/inlined_string (0.0ms)
  Rendered C:/Ruby21/lib/ruby/gems/2.1.0/gems/web-console-2.2.1/lib/web_console/templates/_prompt_box_markup.html.erb within layouts/inlined_string (0.0ms)
  Rendered C:/Ruby21/lib/ruby/gems/2.1.0/gems/web-console-2.2.1/lib/web_console/templates/style.css.erb within layouts/inlined_string (1.1ms)
  Rendered C:/Ruby21/lib/ruby/gems/2.1.0/gems/web-console-2.2.1/lib/web_console/templates/console.js.erb within layouts/javascript (55.3ms)
  Rendered C:/Ruby21/lib/ruby/gems/2.1.0/gems/web-console-2.2.1/lib/web_console/templates/main.js.erb within layouts/javascript (0.0ms)
  Rendered C:/Ruby21/lib/ruby/gems/2.1.0/gems/web-console-2.2.1/lib/web_console/templates/error_page.js.erb within layouts/javascript (1.1ms)
  Rendered C:/Ruby21/lib/ruby/gems/2.1.0/gems/web-console-2.2.1/lib/web_console/templates/index.html.erb (114.9ms)
